  minitwitter.grpc.pb.cc
C:\src\vcpkg\installed\x64-windows\include\google\protobuf\stubs\status.h(97,15): warning C4251: "google::protobuf::util::status_internal::Status::error_message_": class "std::basic_string<char,std::char_traits<char>,std::allocator<char>>" wymaga posiadania użycia interfejsu biblioteki dll przez klientów class "google::protobuf::util::status_internal::Status"
C:\Program Files (x86)\Microsoft Visual Studio\2019\Community\VC\Tools\MSVC\14.29.30133\include\xstring(4905): message : zobacz deklarację „std::basic_string<char,std::char_traits<char>,std::allocator<char>>”
C:\src\vcpkg\installed\x64-windows\include\google\protobuf\stubs\logging.h(100,15): warning C4251: "google::protobuf::internal::LogMessage::message_": class "std::basic_string<char,std::char_traits<char>,std::allocator<char>>" wymaga posiadania użycia interfejsu biblioteki dll przez klientów class "google::protobuf::internal::LogMessage"
C:\Program Files (x86)\Microsoft Visual Studio\2019\Community\VC\Tools\MSVC\14.29.30133\include\xstring(4905): message : zobacz deklarację „std::basic_string<char,std::char_traits<char>,std::allocator<char>>”
C:\src\vcpkg\installed\x64-windows\include\google\protobuf\io\coded_stream.h(1275,28): warning C4251: "google::protobuf::io::CodedOutputStream::default_serialization_deterministic_": struct "std::atomic<bool>" wymaga posiadania użycia interfejsu biblioteki dll przez klientów class "google::protobuf::io::CodedOutputStream"
C:\Program Files (x86)\Microsoft Visual Studio\2019\Community\VC\Tools\MSVC\14.29.30133\include\atomic(2859): message : zobacz deklarację „std::atomic<bool>”
C:\src\vcpkg\installed\x64-windows\include\google\protobuf\arena_impl.h(401,23): warning C4251: "google::protobuf::internal::SerialArena::space_allocated_": struct "std::atomic<unsigned __int64>" wymaga posiadania użycia interfejsu biblioteki dll przez klientów class "google::protobuf::internal::SerialArena"
C:\Program Files (x86)\Microsoft Visual Studio\2019\Community\VC\Tools\MSVC\14.29.30133\include\atomic(2871): message : zobacz deklarację „std::atomic<unsigned __int64>”
C:\src\vcpkg\installed\x64-windows\include\google\protobuf\arena_impl.h(532,29): warning C4251: "google::protobuf::internal::ThreadSafeArena::alloc_policy_": class "google::protobuf::internal::TaggedAllocationPolicyPtr" wymaga posiadania użycia interfejsu biblioteki dll przez klientów class "google::protobuf::internal::ThreadSafeArena"
C:\src\vcpkg\installed\x64-windows\include\google\protobuf\arena_impl.h(123): message : zobacz deklarację „google::protobuf::internal::TaggedAllocationPolicyPtr”
C:\src\vcpkg\installed\x64-windows\include\google\protobuf\arena_impl.h(537,29): warning C4251: "google::protobuf::internal::ThreadSafeArena::threads_": struct "std::atomic<google::protobuf::internal::SerialArena *>" wymaga posiadania użycia interfejsu biblioteki dll przez klientów class "google::protobuf::internal::ThreadSafeArena"
C:\src\vcpkg\installed\x64-windows\include\google\protobuf\arena_impl.h(537): message : zobacz deklarację „std::atomic<google::protobuf::internal::SerialArena *>”
C:\src\vcpkg\installed\x64-windows\include\google\protobuf\arena_impl.h(538,29): warning C4251: "google::protobuf::internal::ThreadSafeArena::hint_": struct "std::atomic<google::protobuf::internal::SerialArena *>" wymaga posiadania użycia interfejsu biblioteki dll przez klientów class "google::protobuf::internal::ThreadSafeArena"
C:\src\vcpkg\installed\x64-windows\include\google\protobuf\arena_impl.h(537): message : zobacz deklarację „std::atomic<google::protobuf::internal::SerialArena *>”
C:\src\vcpkg\installed\x64-windows\include\google\protobuf\arena_impl.h(660,30): warning C4251: "google::protobuf::internal::ThreadSafeArena::arena_stats_": class "google::protobuf::internal::ThreadSafeArenaStatsHandle" wymaga posiadania użycia interfejsu biblioteki dll przez klientów class "google::protobuf::internal::ThreadSafeArena"
C:\src\vcpkg\installed\x64-windows\include\google\protobuf\arenaz_sampler.h(159): message : zobacz deklarację „google::protobuf::internal::ThreadSafeArenaStatsHandle”
C:\src\vcpkg\installed\x64-windows\include\google\protobuf\arenastring.h(82,43): warning C4251: "google::protobuf::internal::LazyString::inited_": struct "std::atomic<const std::string *>" wymaga posiadania użycia interfejsu biblioteki dll przez klientów class "google::protobuf::internal::LazyString"
C:\src\vcpkg\installed\x64-windows\include\google\protobuf\arenastring.h(82): message : zobacz deklarację „std::atomic<const std::string *>”
C:\src\vcpkg\installed\x64-windows\include\google\protobuf\arenastring.h(367,19): warning C4251: "google::protobuf::internal::ArenaStringPtr::tagged_ptr_": class "google::protobuf::internal::TaggedStringPtr" wymaga posiadania użycia interfejsu biblioteki dll przez klientów struct "google::protobuf::internal::ArenaStringPtr"
C:\src\vcpkg\installed\x64-windows\include\google\protobuf\arenastring.h(97): message : zobacz deklarację „google::protobuf::internal::TaggedStringPtr”
C:\src\vcpkg\installed\x64-windows\include\google\protobuf\metadata_lite.h(307,15): warning C4251: "google::protobuf::internal::LiteUnknownFieldSetter::buffer_": class "std::basic_string<char,std::char_traits<char>,std::allocator<char>>" wymaga posiadania użycia interfejsu biblioteki dll przez klientów class "google::protobuf::internal::LiteUnknownFieldSetter"
C:\Program Files (x86)\Microsoft Visual Studio\2019\Community\VC\Tools\MSVC\14.29.30133\include\xstring(4905): message : zobacz deklarację „std::basic_string<char,std::char_traits<char>,std::allocator<char>>”
C:\src\vcpkg\installed\x64-windows\include\google\protobuf\generated_message_util.h(194,20): warning C4251: "google::protobuf::internal::CachedSize::size_": struct "std::atomic<int>" wymaga posiadania użycia interfejsu biblioteki dll przez klientów class "google::protobuf::internal::CachedSize"
C:\Program Files (x86)\Microsoft Visual Studio\2019\Community\VC\Tools\MSVC\14.29.30133\include\atomic(2866): message : zobacz deklarację „std::atomic<int>”
C:\src\vcpkg\installed\x64-windows\include\google\protobuf\stubs\mutex.h(136,40): warning C4251: "google::protobuf::internal::WrappedMutex::mu_": class "google::protobuf::internal::CallOnceInitializedMutex<std::mutex>" wymaga posiadania użycia interfejsu biblioteki dll przez klientów class "google::protobuf::internal::WrappedMutex"
C:\src\vcpkg\installed\x64-windows\include\google\protobuf\stubs\mutex.h(136): message : zobacz deklarację „google::protobuf::internal::CallOnceInitializedMutex<std::mutex>”
C:\src\vcpkg\installed\x64-windows\include\google\protobuf\descriptor.h(2063,27): warning C4251: "google::protobuf::DescriptorPool::tables_": class "std::unique_ptr<google::protobuf::DescriptorPool::Tables,std::default_delete<google::protobuf::DescriptorPool::Tables>>" wymaga posiadania użycia interfejsu biblioteki dll przez klientów class "google::protobuf::DescriptorPool"
C:\src\vcpkg\installed\x64-windows\include\google\protobuf\descriptor.h(2063): message : zobacz deklarację „std::unique_ptr<google::protobuf::DescriptorPool::Tables,std::default_delete<google::protobuf::DescriptorPool::Tables>>”
C:\src\vcpkg\installed\x64-windows\include\google\protobuf\descriptor.h(2073,31): warning C4251: "google::protobuf::DescriptorPool::unused_import_track_files_": class "std::map<std::string,bool,std::less<std::string>,std::allocator<std::pair<const std::string,bool>>>" wymaga posiadania użycia interfejsu biblioteki dll przez klientów class "google::protobuf::DescriptorPool"
C:\src\vcpkg\installed\x64-windows\include\google\protobuf\descriptor.h(2073): message : zobacz deklarację „std::map<std::string,bool,std::less<std::string>,std::allocator<std::pair<const std::string,bool>>>”
C:\src\vcpkg\installed\x64-windows\include\google\protobuf\io\zero_copy_stream_impl_lite.h(247,30): warning C4251: "google::protobuf::io::CopyingInputStreamAdaptor::buffer_": class "std::unique_ptr<uint8_t [],std::default_delete<uint8_t []>>" wymaga posiadania użycia interfejsu biblioteki dll przez klientów class "google::protobuf::io::CopyingInputStreamAdaptor"
C:\src\vcpkg\installed\x64-windows\include\google\protobuf\io\zero_copy_stream_impl_lite.h(247): message : zobacz deklarację „std::unique_ptr<uint8_t [],std::default_delete<uint8_t []>>”
C:\src\vcpkg\installed\x64-windows\include\google\protobuf\io\zero_copy_stream_impl_lite.h(338,30): warning C4251: "google::protobuf::io::CopyingOutputStreamAdaptor::buffer_": class "std::unique_ptr<uint8_t [],std::default_delete<uint8_t []>>" wymaga posiadania użycia interfejsu biblioteki dll przez klientów class "google::protobuf::io::CopyingOutputStreamAdaptor"
C:\src\vcpkg\installed\x64-windows\include\google\protobuf\io\zero_copy_stream_impl_lite.h(247): message : zobacz deklarację „std::unique_ptr<uint8_t [],std::default_delete<uint8_t []>>”
C:\src\vcpkg\installed\x64-windows\include\google\protobuf\unknown_field_set.h(211,29): warning C4251: "google::protobuf::UnknownFieldSet::fields_": class "std::vector<google::protobuf::UnknownField,std::allocator<google::protobuf::UnknownField>>" wymaga posiadania użycia interfejsu biblioteki dll przez klientów class "google::protobuf::UnknownFieldSet"
C:\src\vcpkg\installed\x64-windows\include\google\protobuf\unknown_field_set.h(211): message : zobacz deklarację „std::vector<google::protobuf::UnknownField,std::allocator<google::protobuf::UnknownField>>”
C:\src\vcpkg\installed\x64-windows\include\google\protobuf\extension_set.h(1057,26): warning C4251: "google::protobuf::internal::RepeatedPrimitiveDefaults::default_repeated_field_int32_t_": class "google::protobuf::RepeatedField<int32_t>" wymaga posiadania użycia interfejsu biblioteki dll przez klientów class "google::protobuf::internal::RepeatedPrimitiveDefaults"
C:\src\vcpkg\installed\x64-windows\include\google\protobuf\repeated_field.h(1193): message : zobacz deklarację „google::protobuf::RepeatedField<int32_t>”
C:\src\vcpkg\installed\x64-windows\include\google\protobuf\extension_set.h(1058,26): warning C4251: "google::protobuf::internal::RepeatedPrimitiveDefaults::default_repeated_field_int64_t_": class "google::protobuf::RepeatedField<int64_t>" wymaga posiadania użycia interfejsu biblioteki dll przez klientów class "google::protobuf::internal::RepeatedPrimitiveDefaults"
C:\src\vcpkg\installed\x64-windows\include\google\protobuf\repeated_field.h(1195): message : zobacz deklarację „google::protobuf::RepeatedField<int64_t>”
C:\src\vcpkg\installed\x64-windows\include\google\protobuf\extension_set.h(1059,27): warning C4251: "google::protobuf::internal::RepeatedPrimitiveDefaults::default_repeated_field_uint32_t_": class "google::protobuf::RepeatedField<uint32_t>" wymaga posiadania użycia interfejsu biblioteki dll przez klientów class "google::protobuf::internal::RepeatedPrimitiveDefaults"
C:\src\vcpkg\installed\x64-windows\include\google\protobuf\repeated_field.h(1194): message : zobacz deklarację „google::protobuf::RepeatedField<uint32_t>”
C:\src\vcpkg\installed\x64-windows\include\google\protobuf\extension_set.h(1060,27): warning C4251: "google::protobuf::internal::RepeatedPrimitiveDefaults::default_repeated_field_uint64_t_": class "google::protobuf::RepeatedField<uint64_t>" wymaga posiadania użycia interfejsu biblioteki dll przez klientów class "google::protobuf::internal::RepeatedPrimitiveDefaults"
C:\src\vcpkg\installed\x64-windows\include\google\protobuf\repeated_field.h(1196): message : zobacz deklarację „google::protobuf::RepeatedField<uint64_t>”
C:\src\vcpkg\installed\x64-windows\include\google\protobuf\extension_set.h(1061,25): warning C4251: "google::protobuf::internal::RepeatedPrimitiveDefaults::default_repeated_field_double_": class "google::protobuf::RepeatedField<double>" wymaga posiadania użycia interfejsu biblioteki dll przez klientów class "google::protobuf::internal::RepeatedPrimitiveDefaults"
C:\src\vcpkg\installed\x64-windows\include\google\protobuf\repeated_field.h(1198): message : zobacz deklarację „google::protobuf::RepeatedField<double>”
C:\src\vcpkg\installed\x64-windows\include\google\protobuf\extension_set.h(1062,24): warning C4251: "google::protobuf::internal::RepeatedPrimitiveDefaults::default_repeated_field_float_": class "google::protobuf::RepeatedField<float>" wymaga posiadania użycia interfejsu biblioteki dll przez klientów class "google::protobuf::internal::RepeatedPrimitiveDefaults"
C:\src\vcpkg\installed\x64-windows\include\google\protobuf\repeated_field.h(1197): message : zobacz deklarację „google::protobuf::RepeatedField<float>”
C:\src\vcpkg\installed\x64-windows\include\google\protobuf\extension_set.h(1063,23): warning C4251: "google::protobuf::internal::RepeatedPrimitiveDefaults::default_repeated_field_bool_": class "google::protobuf::RepeatedField<bool>" wymaga posiadania użycia interfejsu biblioteki dll przez klientów class "google::protobuf::internal::RepeatedPrimitiveDefaults"
C:\src\vcpkg\installed\x64-windows\include\google\protobuf\repeated_field.h(1192): message : zobacz deklarację „google::protobuf::RepeatedField<bool>”
C:\src\vcpkg\installed\x64-windows\include\google\protobuf\descriptor_database.h(271,47): warning C4251: "google::protobuf::SimpleDescriptorDatabase::index_": class "google::protobuf::SimpleDescriptorDatabase::DescriptorIndex<const google::protobuf::FileDescriptorProto *>" wymaga posiadania użycia interfejsu biblioteki dll przez klientów class "google::protobuf::SimpleDescriptorDatabase"
C:\src\vcpkg\installed\x64-windows\include\google\protobuf\descriptor_database.h(271): message : zobacz deklarację „google::protobuf::SimpleDescriptorDatabase::DescriptorIndex<const google::protobuf::FileDescriptorProto *>”
C:\src\vcpkg\installed\x64-windows\include\google\protobuf\descriptor_database.h(272,59): warning C4251: "google::protobuf::SimpleDescriptorDatabase::files_to_delete_": class "std::vector<std::unique_ptr<const google::protobuf::FileDescriptorProto,std::default_delete<const google::protobuf::FileDescriptorProto>>,std::allocator<std::unique_ptr<const google::protobuf::FileDescriptorProto,std::default_delete<const google::protobuf::FileDescriptorProto>>>>" wymaga posiadania użycia interfejsu biblioteki dll przez klientów class "google::protobuf::SimpleDescriptorDatabase"
C:\src\vcpkg\installed\x64-windows\include\google\protobuf\descriptor_database.h(272): message : zobacz deklarację „std::vector<std::unique_ptr<const google::protobuf::FileDescriptorProto,std::default_delete<const google::protobuf::FileDescriptorProto>>,std::allocator<std::unique_ptr<const google::protobuf::FileDescriptorProto,std::default_delete<const google::protobuf::FileDescriptorProto>>>>”
C:\src\vcpkg\installed\x64-windows\include\google\protobuf\descriptor_database.h(323,36): warning C4251: "google::protobuf::EncodedDescriptorDatabase::index_": class "std::unique_ptr<google::protobuf::EncodedDescriptorDatabase::DescriptorIndex,std::default_delete<google::protobuf::EncodedDescriptorDatabase::DescriptorIndex>>" wymaga posiadania użycia interfejsu biblioteki dll przez klientów class "google::protobuf::EncodedDescriptorDatabase"
C:\src\vcpkg\installed\x64-windows\include\google\protobuf\descriptor_database.h(323): message : zobacz deklarację „std::unique_ptr<google::protobuf::EncodedDescriptorDatabase::DescriptorIndex,std::default_delete<google::protobuf::EncodedDescriptorDatabase::DescriptorIndex>>”
C:\src\vcpkg\installed\x64-windows\include\google\protobuf\descriptor_database.h(324,22): warning C4251: "google::protobuf::EncodedDescriptorDatabase::files_to_delete_": class "std::vector<void *,std::allocator<void *>>" wymaga posiadania użycia interfejsu biblioteki dll przez klientów class "google::protobuf::EncodedDescriptorDatabase"
C:\src\vcpkg\installed\x64-windows\include\google\protobuf\descriptor_database.h(324): message : zobacz deklarację „std::vector<void *,std::allocator<void *>>”
C:\src\vcpkg\installed\x64-windows\include\google\protobuf\descriptor_database.h(389,36): warning C4251: "google::protobuf::MergedDescriptorDatabase::sources_": class "std::vector<google::protobuf::DescriptorDatabase *,std::allocator<google::protobuf::DescriptorDatabase *>>" wymaga posiadania użycia interfejsu biblioteki dll przez klientów class "google::protobuf::MergedDescriptorDatabase"
C:\src\vcpkg\installed\x64-windows\include\google\protobuf\descriptor_database.h(367): message : zobacz deklarację „std::vector<google::protobuf::DescriptorDatabase *,std::allocator<google::protobuf::DescriptorDatabase *>>”
  minitwitter.pb.cc
C:\src\vcpkg\installed\x64-windows\include\google\protobuf\stubs\status.h(97,15): warning C4251: "google::protobuf::util::status_internal::Status::error_message_": class "std::basic_string<char,std::char_traits<char>,std::allocator<char>>" wymaga posiadania użycia interfejsu biblioteki dll przez klientów class "google::protobuf::util::status_internal::Status"
C:\Program Files (x86)\Microsoft Visual Studio\2019\Community\VC\Tools\MSVC\14.29.30133\include\xstring(4905): message : zobacz deklarację „std::basic_string<char,std::char_traits<char>,std::allocator<char>>”
C:\src\vcpkg\installed\x64-windows\include\google\protobuf\stubs\logging.h(100,15): warning C4251: "google::protobuf::internal::LogMessage::message_": class "std::basic_string<char,std::char_traits<char>,std::allocator<char>>" wymaga posiadania użycia interfejsu biblioteki dll przez klientów class "google::protobuf::internal::LogMessage"
C:\Program Files (x86)\Microsoft Visual Studio\2019\Community\VC\Tools\MSVC\14.29.30133\include\xstring(4905): message : zobacz deklarację „std::basic_string<char,std::char_traits<char>,std::allocator<char>>”
C:\src\vcpkg\installed\x64-windows\include\google\protobuf\io\coded_stream.h(1275,28): warning C4251: "google::protobuf::io::CodedOutputStream::default_serialization_deterministic_": struct "std::atomic<bool>" wymaga posiadania użycia interfejsu biblioteki dll przez klientów class "google::protobuf::io::CodedOutputStream"
C:\Program Files (x86)\Microsoft Visual Studio\2019\Community\VC\Tools\MSVC\14.29.30133\include\atomic(2859): message : zobacz deklarację „std::atomic<bool>”
C:\src\vcpkg\installed\x64-windows\include\google\protobuf\arena_impl.h(401,23): warning C4251: "google::protobuf::internal::SerialArena::space_allocated_": struct "std::atomic<unsigned __int64>" wymaga posiadania użycia interfejsu biblioteki dll przez klientów class "google::protobuf::internal::SerialArena"
C:\Program Files (x86)\Microsoft Visual Studio\2019\Community\VC\Tools\MSVC\14.29.30133\include\atomic(2871): message : zobacz deklarację „std::atomic<unsigned __int64>”
C:\src\vcpkg\installed\x64-windows\include\google\protobuf\arena_impl.h(532,29): warning C4251: "google::protobuf::internal::ThreadSafeArena::alloc_policy_": class "google::protobuf::internal::TaggedAllocationPolicyPtr" wymaga posiadania użycia interfejsu biblioteki dll przez klientów class "google::protobuf::internal::ThreadSafeArena"
C:\src\vcpkg\installed\x64-windows\include\google\protobuf\arena_impl.h(123): message : zobacz deklarację „google::protobuf::internal::TaggedAllocationPolicyPtr”
C:\src\vcpkg\installed\x64-windows\include\google\protobuf\arena_impl.h(537,29): warning C4251: "google::protobuf::internal::ThreadSafeArena::threads_": struct "std::atomic<google::protobuf::internal::SerialArena *>" wymaga posiadania użycia interfejsu biblioteki dll przez klientów class "google::protobuf::internal::ThreadSafeArena"
C:\src\vcpkg\installed\x64-windows\include\google\protobuf\arena_impl.h(537): message : zobacz deklarację „std::atomic<google::protobuf::internal::SerialArena *>”
C:\src\vcpkg\installed\x64-windows\include\google\protobuf\arena_impl.h(538,29): warning C4251: "google::protobuf::internal::ThreadSafeArena::hint_": struct "std::atomic<google::protobuf::internal::SerialArena *>" wymaga posiadania użycia interfejsu biblioteki dll przez klientów class "google::protobuf::internal::ThreadSafeArena"
C:\src\vcpkg\installed\x64-windows\include\google\protobuf\arena_impl.h(537): message : zobacz deklarację „std::atomic<google::protobuf::internal::SerialArena *>”
C:\src\vcpkg\installed\x64-windows\include\google\protobuf\arena_impl.h(660,30): warning C4251: "google::protobuf::internal::ThreadSafeArena::arena_stats_": class "google::protobuf::internal::ThreadSafeArenaStatsHandle" wymaga posiadania użycia interfejsu biblioteki dll przez klientów class "google::protobuf::internal::ThreadSafeArena"
C:\src\vcpkg\installed\x64-windows\include\google\protobuf\arenaz_sampler.h(159): message : zobacz deklarację „google::protobuf::internal::ThreadSafeArenaStatsHandle”
C:\src\vcpkg\installed\x64-windows\include\google\protobuf\arenastring.h(82,43): warning C4251: "google::protobuf::internal::LazyString::inited_": struct "std::atomic<const std::string *>" wymaga posiadania użycia interfejsu biblioteki dll przez klientów class "google::protobuf::internal::LazyString"
C:\src\vcpkg\installed\x64-windows\include\google\protobuf\arenastring.h(82): message : zobacz deklarację „std::atomic<const std::string *>”
C:\src\vcpkg\installed\x64-windows\include\google\protobuf\arenastring.h(367,19): warning C4251: "google::protobuf::internal::ArenaStringPtr::tagged_ptr_": class "google::protobuf::internal::TaggedStringPtr" wymaga posiadania użycia interfejsu biblioteki dll przez klientów struct "google::protobuf::internal::ArenaStringPtr"
C:\src\vcpkg\installed\x64-windows\include\google\protobuf\arenastring.h(97): message : zobacz deklarację „google::protobuf::internal::TaggedStringPtr”
C:\src\vcpkg\installed\x64-windows\include\google\protobuf\metadata_lite.h(307,15): warning C4251: "google::protobuf::internal::LiteUnknownFieldSetter::buffer_": class "std::basic_string<char,std::char_traits<char>,std::allocator<char>>" wymaga posiadania użycia interfejsu biblioteki dll przez klientów class "google::protobuf::internal::LiteUnknownFieldSetter"
C:\Program Files (x86)\Microsoft Visual Studio\2019\Community\VC\Tools\MSVC\14.29.30133\include\xstring(4905): message : zobacz deklarację „std::basic_string<char,std::char_traits<char>,std::allocator<char>>”
C:\src\vcpkg\installed\x64-windows\include\google\protobuf\generated_message_util.h(194,20): warning C4251: "google::protobuf::internal::CachedSize::size_": struct "std::atomic<int>" wymaga posiadania użycia interfejsu biblioteki dll przez klientów class "google::protobuf::internal::CachedSize"
C:\Program Files (x86)\Microsoft Visual Studio\2019\Community\VC\Tools\MSVC\14.29.30133\include\atomic(2866): message : zobacz deklarację „std::atomic<int>”
C:\src\vcpkg\installed\x64-windows\include\google\protobuf\stubs\mutex.h(136,40): warning C4251: "google::protobuf::internal::WrappedMutex::mu_": class "google::protobuf::internal::CallOnceInitializedMutex<std::mutex>" wymaga posiadania użycia interfejsu biblioteki dll przez klientów class "google::protobuf::internal::WrappedMutex"
C:\src\vcpkg\installed\x64-windows\include\google\protobuf\stubs\mutex.h(136): message : zobacz deklarację „google::protobuf::internal::CallOnceInitializedMutex<std::mutex>”
C:\src\vcpkg\installed\x64-windows\include\google\protobuf\descriptor.h(2063,27): warning C4251: "google::protobuf::DescriptorPool::tables_": class "std::unique_ptr<google::protobuf::DescriptorPool::Tables,std::default_delete<google::protobuf::DescriptorPool::Tables>>" wymaga posiadania użycia interfejsu biblioteki dll przez klientów class "google::protobuf::DescriptorPool"
C:\src\vcpkg\installed\x64-windows\include\google\protobuf\descriptor.h(2063): message : zobacz deklarację „std::unique_ptr<google::protobuf::DescriptorPool::Tables,std::default_delete<google::protobuf::DescriptorPool::Tables>>”
C:\src\vcpkg\installed\x64-windows\include\google\protobuf\descriptor.h(2073,31): warning C4251: "google::protobuf::DescriptorPool::unused_import_track_files_": class "std::map<std::string,bool,std::less<std::string>,std::allocator<std::pair<const std::string,bool>>>" wymaga posiadania użycia interfejsu biblioteki dll przez klientów class "google::protobuf::DescriptorPool"
C:\src\vcpkg\installed\x64-windows\include\google\protobuf\descriptor.h(2073): message : zobacz deklarację „std::map<std::string,bool,std::less<std::string>,std::allocator<std::pair<const std::string,bool>>>”
C:\src\vcpkg\installed\x64-windows\include\google\protobuf\io\zero_copy_stream_impl_lite.h(247,30): warning C4251: "google::protobuf::io::CopyingInputStreamAdaptor::buffer_": class "std::unique_ptr<uint8_t [],std::default_delete<uint8_t []>>" wymaga posiadania użycia interfejsu biblioteki dll przez klientów class "google::protobuf::io::CopyingInputStreamAdaptor"
C:\src\vcpkg\installed\x64-windows\include\google\protobuf\io\zero_copy_stream_impl_lite.h(247): message : zobacz deklarację „std::unique_ptr<uint8_t [],std::default_delete<uint8_t []>>”
C:\src\vcpkg\installed\x64-windows\include\google\protobuf\io\zero_copy_stream_impl_lite.h(338,30): warning C4251: "google::protobuf::io::CopyingOutputStreamAdaptor::buffer_": class "std::unique_ptr<uint8_t [],std::default_delete<uint8_t []>>" wymaga posiadania użycia interfejsu biblioteki dll przez klientów class "google::protobuf::io::CopyingOutputStreamAdaptor"
C:\src\vcpkg\installed\x64-windows\include\google\protobuf\io\zero_copy_stream_impl_lite.h(247): message : zobacz deklarację „std::unique_ptr<uint8_t [],std::default_delete<uint8_t []>>”
C:\src\vcpkg\installed\x64-windows\include\google\protobuf\unknown_field_set.h(211,29): warning C4251: "google::protobuf::UnknownFieldSet::fields_": class "std::vector<google::protobuf::UnknownField,std::allocator<google::protobuf::UnknownField>>" wymaga posiadania użycia interfejsu biblioteki dll przez klientów class "google::protobuf::UnknownFieldSet"
C:\src\vcpkg\installed\x64-windows\include\google\protobuf\unknown_field_set.h(211): message : zobacz deklarację „std::vector<google::protobuf::UnknownField,std::allocator<google::protobuf::UnknownField>>”
C:\src\vcpkg\installed\x64-windows\include\google\protobuf\extension_set.h(1057,26): warning C4251: "google::protobuf::internal::RepeatedPrimitiveDefaults::default_repeated_field_int32_t_": class "google::protobuf::RepeatedField<int32_t>" wymaga posiadania użycia interfejsu biblioteki dll przez klientów class "google::protobuf::internal::RepeatedPrimitiveDefaults"
C:\src\vcpkg\installed\x64-windows\include\google\protobuf\repeated_field.h(1193): message : zobacz deklarację „google::protobuf::RepeatedField<int32_t>”
C:\src\vcpkg\installed\x64-windows\include\google\protobuf\extension_set.h(1058,26): warning C4251: "google::protobuf::internal::RepeatedPrimitiveDefaults::default_repeated_field_int64_t_": class "google::protobuf::RepeatedField<int64_t>" wymaga posiadania użycia interfejsu biblioteki dll przez klientów class "google::protobuf::internal::RepeatedPrimitiveDefaults"
C:\src\vcpkg\installed\x64-windows\include\google\protobuf\repeated_field.h(1195): message : zobacz deklarację „google::protobuf::RepeatedField<int64_t>”
C:\src\vcpkg\installed\x64-windows\include\google\protobuf\extension_set.h(1059,27): warning C4251: "google::protobuf::internal::RepeatedPrimitiveDefaults::default_repeated_field_uint32_t_": class "google::protobuf::RepeatedField<uint32_t>" wymaga posiadania użycia interfejsu biblioteki dll przez klientów class "google::protobuf::internal::RepeatedPrimitiveDefaults"
C:\src\vcpkg\installed\x64-windows\include\google\protobuf\repeated_field.h(1194): message : zobacz deklarację „google::protobuf::RepeatedField<uint32_t>”
C:\src\vcpkg\installed\x64-windows\include\google\protobuf\extension_set.h(1060,27): warning C4251: "google::protobuf::internal::RepeatedPrimitiveDefaults::default_repeated_field_uint64_t_": class "google::protobuf::RepeatedField<uint64_t>" wymaga posiadania użycia interfejsu biblioteki dll przez klientów class "google::protobuf::internal::RepeatedPrimitiveDefaults"
C:\src\vcpkg\installed\x64-windows\include\google\protobuf\repeated_field.h(1196): message : zobacz deklarację „google::protobuf::RepeatedField<uint64_t>”
C:\src\vcpkg\installed\x64-windows\include\google\protobuf\extension_set.h(1061,25): warning C4251: "google::protobuf::internal::RepeatedPrimitiveDefaults::default_repeated_field_double_": class "google::protobuf::RepeatedField<double>" wymaga posiadania użycia interfejsu biblioteki dll przez klientów class "google::protobuf::internal::RepeatedPrimitiveDefaults"
C:\src\vcpkg\installed\x64-windows\include\google\protobuf\repeated_field.h(1198): message : zobacz deklarację „google::protobuf::RepeatedField<double>”
C:\src\vcpkg\installed\x64-windows\include\google\protobuf\extension_set.h(1062,24): warning C4251: "google::protobuf::internal::RepeatedPrimitiveDefaults::default_repeated_field_float_": class "google::protobuf::RepeatedField<float>" wymaga posiadania użycia interfejsu biblioteki dll przez klientów class "google::protobuf::internal::RepeatedPrimitiveDefaults"
C:\src\vcpkg\installed\x64-windows\include\google\protobuf\repeated_field.h(1197): message : zobacz deklarację „google::protobuf::RepeatedField<float>”
C:\src\vcpkg\installed\x64-windows\include\google\protobuf\extension_set.h(1063,23): warning C4251: "google::protobuf::internal::RepeatedPrimitiveDefaults::default_repeated_field_bool_": class "google::protobuf::RepeatedField<bool>" wymaga posiadania użycia interfejsu biblioteki dll przez klientów class "google::protobuf::internal::RepeatedPrimitiveDefaults"
C:\src\vcpkg\installed\x64-windows\include\google\protobuf\repeated_field.h(1192): message : zobacz deklarację „google::protobuf::RepeatedField<bool>”
  MiniTwitterServer_Krolak.cpp
C:\src\vcpkg\installed\x64-windows\include\google\protobuf\stubs\status.h(97,15): warning C4251: "google::protobuf::util::status_internal::Status::error_message_": class "std::basic_string<char,std::char_traits<char>,std::allocator<char>>" wymaga posiadania użycia interfejsu biblioteki dll przez klientów class "google::protobuf::util::status_internal::Status"
C:\Program Files (x86)\Microsoft Visual Studio\2019\Community\VC\Tools\MSVC\14.29.30133\include\xstring(4905): message : zobacz deklarację „std::basic_string<char,std::char_traits<char>,std::allocator<char>>”
C:\src\vcpkg\installed\x64-windows\include\google\protobuf\stubs\logging.h(100,15): warning C4251: "google::protobuf::internal::LogMessage::message_": class "std::basic_string<char,std::char_traits<char>,std::allocator<char>>" wymaga posiadania użycia interfejsu biblioteki dll przez klientów class "google::protobuf::internal::LogMessage"
C:\Program Files (x86)\Microsoft Visual Studio\2019\Community\VC\Tools\MSVC\14.29.30133\include\xstring(4905): message : zobacz deklarację „std::basic_string<char,std::char_traits<char>,std::allocator<char>>”
C:\src\vcpkg\installed\x64-windows\include\google\protobuf\io\coded_stream.h(1275,28): warning C4251: "google::protobuf::io::CodedOutputStream::default_serialization_deterministic_": struct "std::atomic<bool>" wymaga posiadania użycia interfejsu biblioteki dll przez klientów class "google::protobuf::io::CodedOutputStream"
C:\Program Files (x86)\Microsoft Visual Studio\2019\Community\VC\Tools\MSVC\14.29.30133\include\atomic(2859): message : zobacz deklarację „std::atomic<bool>”
C:\src\vcpkg\installed\x64-windows\include\google\protobuf\arena_impl.h(401,23): warning C4251: "google::protobuf::internal::SerialArena::space_allocated_": struct "std::atomic<unsigned __int64>" wymaga posiadania użycia interfejsu biblioteki dll przez klientów class "google::protobuf::internal::SerialArena"
C:\Program Files (x86)\Microsoft Visual Studio\2019\Community\VC\Tools\MSVC\14.29.30133\include\atomic(2871): message : zobacz deklarację „std::atomic<unsigned __int64>”
C:\src\vcpkg\installed\x64-windows\include\google\protobuf\arena_impl.h(532,29): warning C4251: "google::protobuf::internal::ThreadSafeArena::alloc_policy_": class "google::protobuf::internal::TaggedAllocationPolicyPtr" wymaga posiadania użycia interfejsu biblioteki dll przez klientów class "google::protobuf::internal::ThreadSafeArena"
C:\src\vcpkg\installed\x64-windows\include\google\protobuf\arena_impl.h(123): message : zobacz deklarację „google::protobuf::internal::TaggedAllocationPolicyPtr”
C:\src\vcpkg\installed\x64-windows\include\google\protobuf\arena_impl.h(537,29): warning C4251: "google::protobuf::internal::ThreadSafeArena::threads_": struct "std::atomic<google::protobuf::internal::SerialArena *>" wymaga posiadania użycia interfejsu biblioteki dll przez klientów class "google::protobuf::internal::ThreadSafeArena"
C:\src\vcpkg\installed\x64-windows\include\google\protobuf\arena_impl.h(537): message : zobacz deklarację „std::atomic<google::protobuf::internal::SerialArena *>”
C:\src\vcpkg\installed\x64-windows\include\google\protobuf\arena_impl.h(538,29): warning C4251: "google::protobuf::internal::ThreadSafeArena::hint_": struct "std::atomic<google::protobuf::internal::SerialArena *>" wymaga posiadania użycia interfejsu biblioteki dll przez klientów class "google::protobuf::internal::ThreadSafeArena"
C:\src\vcpkg\installed\x64-windows\include\google\protobuf\arena_impl.h(537): message : zobacz deklarację „std::atomic<google::protobuf::internal::SerialArena *>”
C:\src\vcpkg\installed\x64-windows\include\google\protobuf\arena_impl.h(660,30): warning C4251: "google::protobuf::internal::ThreadSafeArena::arena_stats_": class "google::protobuf::internal::ThreadSafeArenaStatsHandle" wymaga posiadania użycia interfejsu biblioteki dll przez klientów class "google::protobuf::internal::ThreadSafeArena"
C:\src\vcpkg\installed\x64-windows\include\google\protobuf\arenaz_sampler.h(159): message : zobacz deklarację „google::protobuf::internal::ThreadSafeArenaStatsHandle”
C:\src\vcpkg\installed\x64-windows\include\google\protobuf\arenastring.h(82,43): warning C4251: "google::protobuf::internal::LazyString::inited_": struct "std::atomic<const std::string *>" wymaga posiadania użycia interfejsu biblioteki dll przez klientów class "google::protobuf::internal::LazyString"
C:\src\vcpkg\installed\x64-windows\include\google\protobuf\arenastring.h(82): message : zobacz deklarację „std::atomic<const std::string *>”
C:\src\vcpkg\installed\x64-windows\include\google\protobuf\arenastring.h(367,19): warning C4251: "google::protobuf::internal::ArenaStringPtr::tagged_ptr_": class "google::protobuf::internal::TaggedStringPtr" wymaga posiadania użycia interfejsu biblioteki dll przez klientów struct "google::protobuf::internal::ArenaStringPtr"
C:\src\vcpkg\installed\x64-windows\include\google\protobuf\arenastring.h(97): message : zobacz deklarację „google::protobuf::internal::TaggedStringPtr”
C:\src\vcpkg\installed\x64-windows\include\google\protobuf\metadata_lite.h(307,15): warning C4251: "google::protobuf::internal::LiteUnknownFieldSetter::buffer_": class "std::basic_string<char,std::char_traits<char>,std::allocator<char>>" wymaga posiadania użycia interfejsu biblioteki dll przez klientów class "google::protobuf::internal::LiteUnknownFieldSetter"
C:\Program Files (x86)\Microsoft Visual Studio\2019\Community\VC\Tools\MSVC\14.29.30133\include\xstring(4905): message : zobacz deklarację „std::basic_string<char,std::char_traits<char>,std::allocator<char>>”
C:\src\vcpkg\installed\x64-windows\include\google\protobuf\generated_message_util.h(194,20): warning C4251: "google::protobuf::internal::CachedSize::size_": struct "std::atomic<int>" wymaga posiadania użycia interfejsu biblioteki dll przez klientów class "google::protobuf::internal::CachedSize"
C:\Program Files (x86)\Microsoft Visual Studio\2019\Community\VC\Tools\MSVC\14.29.30133\include\atomic(2866): message : zobacz deklarację „std::atomic<int>”
C:\src\vcpkg\installed\x64-windows\include\google\protobuf\stubs\mutex.h(136,40): warning C4251: "google::protobuf::internal::WrappedMutex::mu_": class "google::protobuf::internal::CallOnceInitializedMutex<std::mutex>" wymaga posiadania użycia interfejsu biblioteki dll przez klientów class "google::protobuf::internal::WrappedMutex"
C:\src\vcpkg\installed\x64-windows\include\google\protobuf\stubs\mutex.h(136): message : zobacz deklarację „google::protobuf::internal::CallOnceInitializedMutex<std::mutex>”
C:\src\vcpkg\installed\x64-windows\include\google\protobuf\descriptor.h(2063,27): warning C4251: "google::protobuf::DescriptorPool::tables_": class "std::unique_ptr<google::protobuf::DescriptorPool::Tables,std::default_delete<google::protobuf::DescriptorPool::Tables>>" wymaga posiadania użycia interfejsu biblioteki dll przez klientów class "google::protobuf::DescriptorPool"
C:\src\vcpkg\installed\x64-windows\include\google\protobuf\descriptor.h(2063): message : zobacz deklarację „std::unique_ptr<google::protobuf::DescriptorPool::Tables,std::default_delete<google::protobuf::DescriptorPool::Tables>>”
C:\src\vcpkg\installed\x64-windows\include\google\protobuf\descriptor.h(2073,31): warning C4251: "google::protobuf::DescriptorPool::unused_import_track_files_": class "std::map<std::string,bool,std::less<std::string>,std::allocator<std::pair<const std::string,bool>>>" wymaga posiadania użycia interfejsu biblioteki dll przez klientów class "google::protobuf::DescriptorPool"
C:\src\vcpkg\installed\x64-windows\include\google\protobuf\descriptor.h(2073): message : zobacz deklarację „std::map<std::string,bool,std::less<std::string>,std::allocator<std::pair<const std::string,bool>>>”
C:\src\vcpkg\installed\x64-windows\include\google\protobuf\io\zero_copy_stream_impl_lite.h(247,30): warning C4251: "google::protobuf::io::CopyingInputStreamAdaptor::buffer_": class "std::unique_ptr<uint8_t [],std::default_delete<uint8_t []>>" wymaga posiadania użycia interfejsu biblioteki dll przez klientów class "google::protobuf::io::CopyingInputStreamAdaptor"
C:\src\vcpkg\installed\x64-windows\include\google\protobuf\io\zero_copy_stream_impl_lite.h(247): message : zobacz deklarację „std::unique_ptr<uint8_t [],std::default_delete<uint8_t []>>”
C:\src\vcpkg\installed\x64-windows\include\google\protobuf\io\zero_copy_stream_impl_lite.h(338,30): warning C4251: "google::protobuf::io::CopyingOutputStreamAdaptor::buffer_": class "std::unique_ptr<uint8_t [],std::default_delete<uint8_t []>>" wymaga posiadania użycia interfejsu biblioteki dll przez klientów class "google::protobuf::io::CopyingOutputStreamAdaptor"
C:\src\vcpkg\installed\x64-windows\include\google\protobuf\io\zero_copy_stream_impl_lite.h(247): message : zobacz deklarację „std::unique_ptr<uint8_t [],std::default_delete<uint8_t []>>”
C:\src\vcpkg\installed\x64-windows\include\google\protobuf\unknown_field_set.h(211,29): warning C4251: "google::protobuf::UnknownFieldSet::fields_": class "std::vector<google::protobuf::UnknownField,std::allocator<google::protobuf::UnknownField>>" wymaga posiadania użycia interfejsu biblioteki dll przez klientów class "google::protobuf::UnknownFieldSet"
C:\src\vcpkg\installed\x64-windows\include\google\protobuf\unknown_field_set.h(211): message : zobacz deklarację „std::vector<google::protobuf::UnknownField,std::allocator<google::protobuf::UnknownField>>”
C:\src\vcpkg\installed\x64-windows\include\google\protobuf\extension_set.h(1057,26): warning C4251: "google::protobuf::internal::RepeatedPrimitiveDefaults::default_repeated_field_int32_t_": class "google::protobuf::RepeatedField<int32_t>" wymaga posiadania użycia interfejsu biblioteki dll przez klientów class "google::protobuf::internal::RepeatedPrimitiveDefaults"
C:\src\vcpkg\installed\x64-windows\include\google\protobuf\repeated_field.h(1193): message : zobacz deklarację „google::protobuf::RepeatedField<int32_t>”
C:\src\vcpkg\installed\x64-windows\include\google\protobuf\extension_set.h(1058,26): warning C4251: "google::protobuf::internal::RepeatedPrimitiveDefaults::default_repeated_field_int64_t_": class "google::protobuf::RepeatedField<int64_t>" wymaga posiadania użycia interfejsu biblioteki dll przez klientów class "google::protobuf::internal::RepeatedPrimitiveDefaults"
C:\src\vcpkg\installed\x64-windows\include\google\protobuf\repeated_field.h(1195): message : zobacz deklarację „google::protobuf::RepeatedField<int64_t>”
C:\src\vcpkg\installed\x64-windows\include\google\protobuf\extension_set.h(1059,27): warning C4251: "google::protobuf::internal::RepeatedPrimitiveDefaults::default_repeated_field_uint32_t_": class "google::protobuf::RepeatedField<uint32_t>" wymaga posiadania użycia interfejsu biblioteki dll przez klientów class "google::protobuf::internal::RepeatedPrimitiveDefaults"
C:\src\vcpkg\installed\x64-windows\include\google\protobuf\repeated_field.h(1194): message : zobacz deklarację „google::protobuf::RepeatedField<uint32_t>”
C:\src\vcpkg\installed\x64-windows\include\google\protobuf\extension_set.h(1060,27): warning C4251: "google::protobuf::internal::RepeatedPrimitiveDefaults::default_repeated_field_uint64_t_": class "google::protobuf::RepeatedField<uint64_t>" wymaga posiadania użycia interfejsu biblioteki dll przez klientów class "google::protobuf::internal::RepeatedPrimitiveDefaults"
C:\src\vcpkg\installed\x64-windows\include\google\protobuf\repeated_field.h(1196): message : zobacz deklarację „google::protobuf::RepeatedField<uint64_t>”
C:\src\vcpkg\installed\x64-windows\include\google\protobuf\extension_set.h(1061,25): warning C4251: "google::protobuf::internal::RepeatedPrimitiveDefaults::default_repeated_field_double_": class "google::protobuf::RepeatedField<double>" wymaga posiadania użycia interfejsu biblioteki dll przez klientów class "google::protobuf::internal::RepeatedPrimitiveDefaults"
C:\src\vcpkg\installed\x64-windows\include\google\protobuf\repeated_field.h(1198): message : zobacz deklarację „google::protobuf::RepeatedField<double>”
C:\src\vcpkg\installed\x64-windows\include\google\protobuf\extension_set.h(1062,24): warning C4251: "google::protobuf::internal::RepeatedPrimitiveDefaults::default_repeated_field_float_": class "google::protobuf::RepeatedField<float>" wymaga posiadania użycia interfejsu biblioteki dll przez klientów class "google::protobuf::internal::RepeatedPrimitiveDefaults"
C:\src\vcpkg\installed\x64-windows\include\google\protobuf\repeated_field.h(1197): message : zobacz deklarację „google::protobuf::RepeatedField<float>”
C:\src\vcpkg\installed\x64-windows\include\google\protobuf\extension_set.h(1063,23): warning C4251: "google::protobuf::internal::RepeatedPrimitiveDefaults::default_repeated_field_bool_": class "google::protobuf::RepeatedField<bool>" wymaga posiadania użycia interfejsu biblioteki dll przez klientów class "google::protobuf::internal::RepeatedPrimitiveDefaults"
C:\src\vcpkg\installed\x64-windows\include\google\protobuf\repeated_field.h(1192): message : zobacz deklarację „google::protobuf::RepeatedField<bool>”
C:\src\vcpkg\installed\x64-windows\include\google\protobuf\descriptor_database.h(271,47): warning C4251: "google::protobuf::SimpleDescriptorDatabase::index_": class "google::protobuf::SimpleDescriptorDatabase::DescriptorIndex<const google::protobuf::FileDescriptorProto *>" wymaga posiadania użycia interfejsu biblioteki dll przez klientów class "google::protobuf::SimpleDescriptorDatabase"
C:\src\vcpkg\installed\x64-windows\include\google\protobuf\descriptor_database.h(271): message : zobacz deklarację „google::protobuf::SimpleDescriptorDatabase::DescriptorIndex<const google::protobuf::FileDescriptorProto *>”
C:\src\vcpkg\installed\x64-windows\include\google\protobuf\descriptor_database.h(272,59): warning C4251: "google::protobuf::SimpleDescriptorDatabase::files_to_delete_": class "std::vector<std::unique_ptr<const google::protobuf::FileDescriptorProto,std::default_delete<const google::protobuf::FileDescriptorProto>>,std::allocator<std::unique_ptr<const google::protobuf::FileDescriptorProto,std::default_delete<const google::protobuf::FileDescriptorProto>>>>" wymaga posiadania użycia interfejsu biblioteki dll przez klientów class "google::protobuf::SimpleDescriptorDatabase"
C:\src\vcpkg\installed\x64-windows\include\google\protobuf\descriptor_database.h(272): message : zobacz deklarację „std::vector<std::unique_ptr<const google::protobuf::FileDescriptorProto,std::default_delete<const google::protobuf::FileDescriptorProto>>,std::allocator<std::unique_ptr<const google::protobuf::FileDescriptorProto,std::default_delete<const google::protobuf::FileDescriptorProto>>>>”
C:\src\vcpkg\installed\x64-windows\include\google\protobuf\descriptor_database.h(323,36): warning C4251: "google::protobuf::EncodedDescriptorDatabase::index_": class "std::unique_ptr<google::protobuf::EncodedDescriptorDatabase::DescriptorIndex,std::default_delete<google::protobuf::EncodedDescriptorDatabase::DescriptorIndex>>" wymaga posiadania użycia interfejsu biblioteki dll przez klientów class "google::protobuf::EncodedDescriptorDatabase"
C:\src\vcpkg\installed\x64-windows\include\google\protobuf\descriptor_database.h(323): message : zobacz deklarację „std::unique_ptr<google::protobuf::EncodedDescriptorDatabase::DescriptorIndex,std::default_delete<google::protobuf::EncodedDescriptorDatabase::DescriptorIndex>>”
C:\src\vcpkg\installed\x64-windows\include\google\protobuf\descriptor_database.h(324,22): warning C4251: "google::protobuf::EncodedDescriptorDatabase::files_to_delete_": class "std::vector<void *,std::allocator<void *>>" wymaga posiadania użycia interfejsu biblioteki dll przez klientów class "google::protobuf::EncodedDescriptorDatabase"
C:\src\vcpkg\installed\x64-windows\include\google\protobuf\descriptor_database.h(324): message : zobacz deklarację „std::vector<void *,std::allocator<void *>>”
C:\src\vcpkg\installed\x64-windows\include\google\protobuf\descriptor_database.h(389,36): warning C4251: "google::protobuf::MergedDescriptorDatabase::sources_": class "std::vector<google::protobuf::DescriptorDatabase *,std::allocator<google::protobuf::DescriptorDatabase *>>" wymaga posiadania użycia interfejsu biblioteki dll przez klientów class "google::protobuf::MergedDescriptorDatabase"
C:\src\vcpkg\installed\x64-windows\include\google\protobuf\descriptor_database.h(367): message : zobacz deklarację „std::vector<google::protobuf::DescriptorDatabase *,std::allocator<google::protobuf::DescriptorDatabase *>>”
  Generowanie kodu...
  MiniTwitterServer_Krolak.vcxproj -> C:\Users\maxur\source\repos\MiniTwitterServer_Krolak\x64\Debug\MiniTwitterServer_Krolak.exe
  'pwsh.exe' is not recognized as an internal or external command,
  operable program or batch file.
